{"/Users/pierrelabel/Documents/code/react-technical-test/src/helpers/validateInputValue.ts": {"path":"/Users/pierrelabel/Documents/code/react-technical-test/src/helpers/validateInputValue.ts","statementMap":{"0":{"start":{"line":1,"column":34},"end":{"line":4,"column":1}},"1":{"start":{"line":2,"column":31},"end":{"line":2,"column":70}},"2":{"start":{"line":3,"column":4},"end":{"line":3,"column":34}},"3":{"start":{"line":1,"column":13},"end":{"line":1,"column":34}}},"fnMap":{"0":{"name":"(anonymous_0)","decl":{"start":{"line":1,"column":34},"end":{"line":1,"column":35}},"loc":{"start":{"line":1,"column":61},"end":{"line":4,"column":1}}}},"branchMap":{},"s":{"0":1,"1":7,"2":7,"3":1},"f":{"0":7},"b":{}}
,"/Users/pierrelabel/Documents/code/react-technical-test/src/helpers/fixtures/validateInputValue.fixtures.ts": {"path":"/Users/pierrelabel/Documents/code/react-technical-test/src/helpers/fixtures/validateInputValue.fixtures.ts","statementMap":{"0":{"start":{"line":7,"column":13},"end":{"line":68,"column":null}}},"fnMap":{},"branchMap":{},"s":{"0":1},"f":{},"b":{}}
}
